<?xml version="1.0" encoding="UTF-8"?>
<!-- Generated by org.testng.reporters.JUnitXMLReporter -->
<testsuite ignored="2" hostname="Dexter" failures="0" tests="1" name="Default test" time="48.002" errors="0" timestamp="2022-02-03T17:17:24 IST">
  <testcase classname="testScripts.AllyTestOne" name="testWithWeb" time="29.29"/>
  <testcase classname="testScripts.AllyTestOne" name="sampleOneTest" time="0.0">
    <ignored/>
  </testcase> <!-- sampleOneTest -->
  <testcase classname="testScripts.AllyTestOne" name="testWithSelectors" time="0.0">
    <ignored/>
  </testcase> <!-- testWithSelectors -->
</testsuite> <!-- Default test -->
