<?xml version="1.0" encoding="UTF-8"?>
<testng-results ignored="2" total="3" passed="1" failed="0" skipped="0">
  <reporter-output>
  </reporter-output>
  <suite started-at="2022-02-03T17:16:36 IST" name="Default suite" finished-at="2022-02-03T17:17:24 IST" duration-ms="48002">
    <groups>
    </groups>
    <test started-at="2022-02-03T17:16:36 IST" name="Default test" finished-at="2022-02-03T17:17:24 IST" duration-ms="48002">
      <class name="testScripts.AllyTestOne">
        <test-method is-config="true" signature="setup()[pri:0, instance:testScripts.AllyTestOne@342c38f8]" started-at="2022-02-03T17:16:36 IST" name="setup" finished-at="2022-02-03T17:16:55 IST" duration-ms="18541" status="PASS">
          <reporter-output>
          </reporter-output>
        </test-method> <!-- setup -->
        <test-method signature="testWithWeb()[pri:0, instance:testScripts.AllyTestOne@342c38f8]" started-at="2022-02-03T17:16:55 IST" name="testWithWeb" finished-at="2022-02-03T17:17:24 IST" duration-ms="29290" status="PASS">
          <reporter-output>
          </reporter-output>
        </test-method> <!-- testWithWeb -->
      </class> <!-- testScripts.AllyTestOne -->
    </test> <!-- Default test -->
  </suite> <!-- Default suite -->
</testng-results>
